{
  "RSpec": {
    "coverage": {
      "/Users/melvinxlau/Devprojects/chitter-challenge/spec/db_connection_spec.rb": [
        1,
        1,
        null,
        1,
        null,
        1,
        1,
        1,
        1,
        null,
        null,
        null,
        1,
        1,
        1,
        1,
        1,
        null,
        null,
        null,
        null
      ],
      "/Users/melvinxlau/Devprojects/chitter-challenge/spec/features/add_peep_spec.rb": [
        1,
        null,
        null,
        3,
        3,
        3,
        3,
        null,
        null,
        2,
        null,
        1,
        null,
        1,
        null,
        null,
        null,
        null,
        null,
        null,
        1,
        1,
        1,
        1,
        1,
        null,
        null,
        1,
        1,
        1,
        null,
        1,
        1,
        null,
        null,
        1,
        null,
        1,
        null,
        null,
        null,
        null,
        null,
        null,
        1,
        1,
        1,
        1,
        1,
        null,
        null,
        1,
        1,
        null,
        1,
        null,
        null,
        null
      ],
      "/Users/melvinxlau/Devprojects/chitter-challenge/spec/features/delete_peep_spec.rb": [
        1,
        null,
        null,
        2,
        2,
        2,
        2,
        null,
        null,
        2,
        null,
        1,
        null,
        null,
        1,
        null,
        null,
        null,
        null,
        null,
        null,
        1,
        null,
        null,
        1,
        1,
        1,
        1,
        1,
        null,
        1,
        null,
        null,
        1,
        1,
        null,
        1,
        1,
        null,
        null,
        null,
        null
      ],
      "/Users/melvinxlau/Devprojects/chitter-challenge/spec/features/peep_feed_spec.rb": [
        null,
        1,
        null,
        null,
        3,
        3,
        3,
        3,
        null,
        null,
        1,
        2,
        null,
        null,
        null,
        null,
        null,
        null,
        null,
        null,
        3,
        2,
        null,
        1,
        1,
        1,
        1,
        1,
        1,
        null,
        null,
        1,
        1,
        1,
        1,
        1,
        null,
        null,
        1,
        1,
        1,
        null,
        null
      ],
      "/Users/melvinxlau/Devprojects/chitter-challenge/spec/features/sign_in_spec.rb": [
        1,
        null,
        null,
        4,
        4,
        4,
        4,
        null,
        1,
        null,
        3,
        null,
        null,
        null,
        null,
        null,
        null,
        null,
        1,
        1,
        1,
        1,
        1,
        1,
        null,
        1,
        null,
        null,
        1,
        1,
        1,
        1,
        1,
        1,
        null,
        1,
        null,
        null,
        1,
        1,
        1,
        1,
        1,
        1,
        null,
        1,
        null,
        null,
        null
      ],
      "/Users/melvinxlau/Devprojects/chitter-challenge/spec/features/sign_out_spec.rb": [
        1,
        null,
        null,
        2,
        2,
        2,
        2,
        null,
        1,
        1,
        null,
        null,
        null,
        null,
        null,
        1,
        1,
        1,
        1,
        1,
        null,
        1,
        1,
        null,
        1,
        1,
        1,
        null,
        null
      ],
      "/Users/melvinxlau/Devprojects/chitter-challenge/spec/features/sign_up_spec.rb": [
        1,
        null,
        null,
        3,
        3,
        3,
        3,
        null,
        1,
        1,
        1,
        1,
        1,
        1,
        1,
        1,
        null,
        1,
        null,
        null,
        1,
        1,
        null,
        null,
        null,
        null,
        null,
        1,
        1,
        1,
        1,
        1,
        1,
        1,
        null,
        1,
        1,
        null,
        null,
        1,
        1,
        null,
        null,
        null,
        null,
        null,
        1,
        1,
        1,
        1,
        1,
        1,
        1,
        null,
        1,
        1,
        null,
        null,
        null
      ],
      "/Users/melvinxlau/Devprojects/chitter-challenge/spec/peep_spec.rb": [
        1,
        1,
        1,
        null,
        1,
        null,
        null,
        4,
        4,
        4,
        4,
        null,
        null,
        1,
        3,
        null,
        null,
        null,
        null,
        null,
        null,
        null,
        null,
        4,
        2,
        null,
        1,
        1,
        1,
        1,
        1,
        1,
        1,
        null,
        null,
        null,
        1,
        1,
        1,
        1,
        1,
        1,
        1,
        1,
        null,
        null,
        null,
        1,
        1,
        1,
        1,
        1,
        null,
        null,
        null,
        null
      ],
      "/Users/melvinxlau/Devprojects/chitter-challenge/spec/database_helpers.rb": [
        1,
        1,
        null
      ],
      "/Users/melvinxlau/Devprojects/chitter-challenge/spec/user_spec.rb": [
        1,
        null,
        1,
        null,
        12,
        12,
        12,
        12,
        null,
        1,
        null,
        1,
        1,
        null,
        null,
        null,
        null,
        null,
        1,
        1,
        1,
        1,
        null,
        null,
        1,
        1,
        1,
        null,
        null,
        null,
        null,
        null,
        null,
        null,
        1,
        1,
        null,
        null,
        null,
        null,
        null,
        1,
        null,
        null,
        null,
        null,
        null,
        1,
        null,
        null,
        1,
        1,
        null,
        null,
        null,
        null,
        null,
        1,
        null,
        null,
        null,
        null,
        null,
        1,
        null,
        null,
        null,
        null,
        1,
        1,
        1,
        null,
        null,
        null,
        null,
        null,
        1,
        1,
        null,
        null,
        1,
        1,
        null,
        null,
        null,
        null,
        null,
        1,
        1,
        null,
        null,
        1,
        1,
        null,
        null,
        null,
        null,
        null,
        1,
        1,
        null,
        null,
        null,
        null,
        1,
        null,
        1,
        4,
        null,
        null,
        null,
        null,
        null,
        null,
        null,
        1,
        1,
        1,
        null,
        null,
        1,
        1,
        1,
        null,
        null,
        1,
        1,
        1,
        null,
        null,
        1,
        1,
        1,
        null,
        null,
        null,
        null,
        null
      ]
    },
    "timestamp": 1571050564
  }
}
